<?xml version="1.0" encoding="UTF-8"?>
<!-- Generated by org.testng.reporters.JUnitReportReporter -->
<testsuite skipped="0" hostname="QEdgetechcom-PC" name="com.primusbank.tests.BankerLoginDDT" tests="1" failures="0" timestamp="09 May 2019 10:27:19 GMT" time="4.424" errors="0">
  <testcase name="bankerLoginTest" time="4.424" classname="com.primusbank.tests.BankerLoginDDT"/>
</testsuite> <!-- com.primusbank.tests.BankerLoginDDT -->
