<?xml version="1.0" encoding="UTF-8"?>
<!-- Generated by org.testng.reporters.JUnitReportReporter -->
<testsuite skipped="0" hostname="QEdgetechcom-PC" name="com.bankerloginddt.dataprovider.BankEmployeeLoginDDT" tests="3" failures="0" timestamp="13 May 2019 10:29:04 GMT" time="2.692" errors="0">
  <testcase name="bankerLogin" time="0.635" classname="com.bankerloginddt.dataprovider.BankEmployeeLoginDDT"/>
  <testcase name="bankerLogin" time="1.338" classname="com.bankerloginddt.dataprovider.BankEmployeeLoginDDT"/>
  <testcase name="bankerLogin" time="0.719" classname="com.bankerloginddt.dataprovider.BankEmployeeLoginDDT"/>
</testsuite> <!-- com.bankerloginddt.dataprovider.BankEmployeeLoginDDT -->
