<?xml version="1.0" encoding="UTF-8"?>
<!-- Generated by org.testng.reporters.JUnitReportReporter -->
<testsuite skipped="0" hostname="QEdgetechcom-PC" name="com.primusbank.tests.PrimusBankBatchTest" tests="1" failures="0" timestamp="16 May 2019 10:47:11 GMT" time="7.866" errors="0">
  <testcase name="batchTest" time="7.866" classname="com.primusbank.tests.PrimusBankBatchTest"/>
</testsuite> <!-- com.primusbank.tests.PrimusBankBatchTest -->
