<?xml version="1.0" encoding="UTF-8"?>
<!-- Generated by org.testng.reporters.JUnitReportReporter -->
<testsuite skipped="0" hostname="QEdgetechcom-PC" name="com.example.tests.firsttestngfile" tests="2" failures="0" timestamp="14 May 2019 10:04:46 GMT" time="5.450" errors="0">
  <testcase name="register" time="2.825" classname="com.example.tests.firsttestngfile"/>
  <testcase name="support" time="2.625" classname="com.example.tests.firsttestngfile"/>
</testsuite> <!-- com.example.tests.firsttestngfile -->
