<?xml version="1.0" encoding="UTF-8"?>
<!-- Generated by org.testng.reporters.JUnitReportReporter -->
<testsuite skipped="0" hostname="QEdgetechcom-PC" name="com.guru.testngannotations.TestNG_Priority_Annotations" tests="5" failures="0" timestamp="14 May 2019 10:52:20 GMT" time="0.019" errors="0">
  <testcase name="d_method" time="0.004" classname="com.guru.testngannotations.TestNG_Priority_Annotations"/>
  <testcase name="e_method" time="0.002" classname="com.guru.testngannotations.TestNG_Priority_Annotations"/>
  <testcase name="b_method" time="0.002" classname="com.guru.testngannotations.TestNG_Priority_Annotations"/>
  <testcase name="c_method" time="0.001" classname="com.guru.testngannotations.TestNG_Priority_Annotations"/>
  <testcase name="a_method" time="0.010" classname="com.guru.testngannotations.TestNG_Priority_Annotations"/>
</testsuite> <!-- com.guru.testngannotations.TestNG_Priority_Annotations -->
