<?xml version="1.0" encoding="UTF-8"?>
<!-- Generated by org.testng.reporters.JUnitReportReporter -->
<testsuite skipped="0" hostname="QEdgetechcom-PC" name="com.example.tests.TestGuru99MultipleSession" tests="3" failures="0" timestamp="15 May 2019 04:18:04 GMT" time="36.696" errors="0">
  <testcase name="executSessionOne" time="13.480" classname="com.example.tests.TestGuru99MultipleSession"/>
  <testcase name="executeSessionTwo" time="11.836" classname="com.example.tests.TestGuru99MultipleSession"/>
  <testcase name="executSessionThree" time="11.380" classname="com.example.tests.TestGuru99MultipleSession"/>
</testsuite> <!-- com.example.tests.TestGuru99MultipleSession -->
